<?xml version="1.0" encoding="UTF-8"?>
<!-- Generated by org.testng.reporters.JUnitReportReporter -->
<testsuite hostname="lokimbp.local" failures="0" tests="4" name="MyFirstTest" time="0.013" errors="0" timestamp="2021-10-27T19:29:50 PDT" skipped="0">
  <testcase classname="MyFirstTest" name="testHello" time="0.000"/>
  <system-out/>
  <testcase classname="MyFirstTest" name="testConcatenation" time="0.002"/>
  <system-out/>
  <testcase classname="MyFirstTest" name="testClicks" time="0.011"/>
  <system-out/>
  <testcase classname="MyFirstTest" name="testNamber" time="0.000"/>
  <system-out/>
</testsuite> <!-- MyFirstTest -->
